-------------------------------------------------------------------------------
>Log Session: Wednesday, February 13, 2019 2:50:56 PM MST
>System Info: 
  Product Version         = NetBeans IDE 8.0 (Build 201403101706) (#b8e35b888b3f)
  Operating System        = Windows 10 version 10.0 running on x86
  Java; VM; Vendor        = 1.8.0_181; Java HotSpot(TM) Client VM 25.181-b13; Oracle Corporation
  Runtime                 = Java(TM) SE Runtime Environment 1.8.0_181-b13
  Java Home               = C:\Users\barber.timothy20\Documents\Github\Netbeans\NetBeans_JavaSE_8.0_Portable\App\jdk\jre
  System Locale; Encoding = en_US (nb); Cp1252
  Home Directory          = C:\Users\barber.timothy20
  Current Directory       = C:\Users\barber.timothy20\Documents\Github\Netbeans\NetBeans_JavaSE_8.0_Portable\App\netbeans\bin
  User Directory          = C:\Users\barber.timothy20\Documents\Github\Netbeans\NetBeans_JavaSE_8.0_Portable\Data\NetBeans\Config\8.0
  Cache Directory         = C:\Users\barber.timothy20\Documents\Github\Netbeans\NetBeans_JavaSE_8.0_Portable\Data\NetBeans\Cache\8.0
  Installation            = C:\Users\barber.timothy20\Documents\Github\Netbeans\NetBeans_JavaSE_8.0_Portable\App\netbeans\nb
                            C:\Users\barber.timothy20\Documents\Github\Netbeans\NetBeans_JavaSE_8.0_Portable\App\netbeans\ide
                            C:\Users\barber.timothy20\Documents\Github\Netbeans\NetBeans_JavaSE_8.0_Portable\App\netbeans\extide
                            C:\Users\barber.timothy20\Documents\Github\Netbeans\NetBeans_JavaSE_8.0_Portable\App\netbeans\java
                            C:\Users\barber.timothy20\Documents\Github\Netbeans\NetBeans_JavaSE_8.0_Portable\App\netbeans\apisupport
                            C:\Users\barber.timothy20\Documents\Github\Netbeans\NetBeans_JavaSE_8.0_Portable\App\netbeans\websvccommon
                            C:\Users\barber.timothy20\Documents\Github\Netbeans\NetBeans_JavaSE_8.0_Portable\App\netbeans\profiler
                            C:\Users\barber.timothy20\Documents\Github\Netbeans\NetBeans_JavaSE_8.0_Portable\App\netbeans\harness
                            C:\Users\barber.timothy20\Documents\Github\Netbeans\NetBeans_JavaSE_8.0_Portable\App\netbeans\javafx
                            C:\Users\barber.timothy20\Documents\Github\Netbeans\NetBeans_JavaSE_8.0_Portable\App\netbeans\platform
  Boot & Ext. Classpath   = C:\Users\barber.timothy20\Documents\Github\Netbeans\NetBeans_JavaSE_8.0_Portable\App\jdk\jre\lib\resources.jar;C:\Users\barber.timothy20\Documents\Github\Netbeans\NetBeans_JavaSE_8.0_Portable\App\jdk\jre\lib\rt.jar;C:\Users\barber.timothy20\Documents\Github\Netbeans\NetBeans_JavaSE_8.0_Portable\App\jdk\jre\lib\sunrsasign.jar;C:\Users\barber.timothy20\Documents\Github\Netbeans\NetBeans_JavaSE_8.0_Portable\App\jdk\jre\lib\jsse.jar;C:\Users\barber.timothy20\Documents\Github\Netbeans\NetBeans_JavaSE_8.0_Portable\App\jdk\jre\lib\jce.jar;C:\Users\barber.timothy20\Documents\Github\Netbeans\NetBeans_JavaSE_8.0_Portable\App\jdk\jre\lib\charsets.jar;C:\Users\barber.timothy20\Documents\Github\Netbeans\NetBeans_JavaSE_8.0_Portable\App\jdk\jre\lib\jfr.jar;C:\Users\barber.timothy20\Documents\Github\Netbeans\NetBeans_JavaSE_8.0_Portable\App\jdk\jre\classes;C:\Users\barber.timothy20\Documents\Github\Netbeans\NetBeans_JavaSE_8.0_Portable\App\jdk\jre\lib\ext\access-bridge-32.jar;C:\Users\barber.timothy20\Documents\Github\Netbeans\NetBeans_JavaSE_8.0_Portable\App\jdk\jre\lib\ext\access-bridge.jar;C:\Users\barber.timothy20\Documents\Github\Netbeans\NetBeans_JavaSE_8.0_Portable\App\jdk\jre\lib\ext\cldrdata.jar;C:\Users\barber.timothy20\Documents\Github\Netbeans\NetBeans_JavaSE_8.0_Portable\App\jdk\jre\lib\ext\dnsns.jar;C:\Users\barber.timothy20\Documents\Github\Netbeans\NetBeans_JavaSE_8.0_Portable\App\jdk\jre\lib\ext\jaccess.jar;C:\Users\barber.timothy20\Documents\Github\Netbeans\NetBeans_JavaSE_8.0_Portable\App\jdk\jre\lib\ext\jfxrt.jar;C:\Users\barber.timothy20\Documents\Github\Netbeans\NetBeans_JavaSE_8.0_Portable\App\jdk\jre\lib\ext\localedata.jar;C:\Users\barber.timothy20\Documents\Github\Netbeans\NetBeans_JavaSE_8.0_Portable\App\jdk\jre\lib\ext\nashorn.jar;C:\Users\barber.timothy20\Documents\Github\Netbeans\NetBeans_JavaSE_8.0_Portable\App\jdk\jre\lib\ext\sunec.jar;C:\Users\barber.timothy20\Documents\Github\Netbeans\NetBeans_JavaSE_8.0_Portable\App\jdk\jre\lib\ext\sunjce_provider.jar;C:\Users\barber.timothy20\Documents\Github\Netbeans\NetBeans_JavaSE_8.0_Portable\App\jdk\jre\lib\ext\sunmscapi.jar;C:\Users\barber.timothy20\Documents\Github\Netbeans\NetBeans_JavaSE_8.0_Portable\App\jdk\jre\lib\ext\sunpkcs11.jar;C:\Users\barber.timothy20\Documents\Github\Netbeans\NetBeans_JavaSE_8.0_Portable\App\jdk\jre\lib\ext\zipfs.jar
  Application Classpath   = C:\Users\barber.timothy20\Documents\Github\Netbeans\NetBeans_JavaSE_8.0_Portable\App\netbeans\platform\lib\boot.jar;C:\Users\barber.timothy20\Documents\Github\Netbeans\NetBeans_JavaSE_8.0_Portable\App\netbeans\platform\lib\org-openide-modules.jar;C:\Users\barber.timothy20\Documents\Github\Netbeans\NetBeans_JavaSE_8.0_Portable\App\netbeans\platform\lib\org-openide-util-lookup.jar;C:\Users\barber.timothy20\Documents\Github\Netbeans\NetBeans_JavaSE_8.0_Portable\App\netbeans\platform\lib\org-openide-util.jar;C:\Users\barber.timothy20\Documents\Github\Netbeans\NetBeans_JavaSE_8.0_Portable\App\netbeans\platform\lib\locale\boot_ja.jar;C:\Users\barber.timothy20\Documents\Github\Netbeans\NetBeans_JavaSE_8.0_Portable\App\netbeans\platform\lib\locale\boot_pt_BR.jar;C:\Users\barber.timothy20\Documents\Github\Netbeans\NetBeans_JavaSE_8.0_Portable\App\netbeans\platform\lib\locale\boot_ru.jar;C:\Users\barber.timothy20\Documents\Github\Netbeans\NetBeans_JavaSE_8.0_Portable\App\netbeans\platform\lib\locale\boot_zh_CN.jar;C:\Users\barber.timothy20\Documents\Github\Netbeans\NetBeans_JavaSE_8.0_Portable\App\netbeans\platform\lib\locale\org-openide-modules_ja.jar;C:\Users\barber.timothy20\Documents\Github\Netbeans\NetBeans_JavaSE_8.0_Portable\App\netbeans\platform\lib\locale\org-openide-modules_pt_BR.jar;C:\Users\barber.timothy20\Documents\Github\Netbeans\NetBeans_JavaSE_8.0_Portable\App\netbeans\platform\lib\locale\org-openide-modules_ru.jar;C:\Users\barber.timothy20\Documents\Github\Netbeans\NetBeans_JavaSE_8.0_Portable\App\netbeans\platform\lib\locale\org-openide-modules_zh_CN.jar;C:\Users\barber.timothy20\Documents\Github\Netbeans\NetBeans_JavaSE_8.0_Portable\App\netbeans\platform\lib\locale\org-openide-util-lookup_ja.jar;C:\Users\barber.timothy20\Documents\Github\Netbeans\NetBeans_JavaSE_8.0_Portable\App\netbeans\platform\lib\locale\org-openide-util-lookup_pt_BR.jar;C:\Users\barber.timothy20\Documents\Github\Netbeans\NetBeans_JavaSE_8.0_Portable\App\netbeans\platform\lib\locale\org-openide-util-lookup_ru.jar;C:\Users\barber.timothy20\Documents\Github\Netbeans\NetBeans_JavaSE_8.0_Portable\App\netbeans\platform\lib\locale\org-openide-util-lookup_zh_CN.jar;C:\Users\barber.timothy20\Documents\Github\Netbeans\NetBeans_JavaSE_8.0_Portable\App\netbeans\platform\lib\locale\org-openide-util_ja.jar;C:\Users\barber.timothy20\Documents\Github\Netbeans\NetBeans_JavaSE_8.0_Portable\App\netbeans\platform\lib\locale\org-openide-util_pt_BR.jar;C:\Users\barber.timothy20\Documents\Github\Netbeans\NetBeans_JavaSE_8.0_Portable\App\netbeans\platform\lib\locale\org-openide-util_ru.jar;C:\Users\barber.timothy20\Documents\Github\Netbeans\NetBeans_JavaSE_8.0_Portable\App\netbeans\platform\lib\locale\org-openide-util_zh_CN.jar;C:\Users\barber.timothy20\Documents\Github\Netbeans\NetBeans_JavaSE_8.0_Portable\App\jdk\lib\dt.jar;C:\Users\barber.timothy20\Documents\Github\Netbeans\NetBeans_JavaSE_8.0_Portable\App\jdk\lib\tools.jar
  Startup Classpath       = C:\Users\barber.timothy20\Documents\Github\Netbeans\NetBeans_JavaSE_8.0_Portable\App\netbeans\platform\core\core.jar;C:\Users\barber.timothy20\Documents\Github\Netbeans\NetBeans_JavaSE_8.0_Portable\App\netbeans\platform\core\org-openide-filesystems.jar;C:\Users\barber.timothy20\Documents\Github\Netbeans\NetBeans_JavaSE_8.0_Portable\App\netbeans\platform\core\locale\core_ja.jar;C:\Users\barber.timothy20\Documents\Github\Netbeans\NetBeans_JavaSE_8.0_Portable\App\netbeans\platform\core\locale\core_pt_BR.jar;C:\Users\barber.timothy20\Documents\Github\Netbeans\NetBeans_JavaSE_8.0_Portable\App\netbeans\platform\core\locale\core_ru.jar;C:\Users\barber.timothy20\Documents\Github\Netbeans\NetBeans_JavaSE_8.0_Portable\App\netbeans\platform\core\locale\core_zh_CN.jar;C:\Users\barber.timothy20\Documents\Github\Netbeans\NetBeans_JavaSE_8.0_Portable\App\netbeans\platform\core\locale\org-openide-filesystems_ja.jar;C:\Users\barber.timothy20\Documents\Github\Netbeans\NetBeans_JavaSE_8.0_Portable\App\netbeans\platform\core\locale\org-openide-filesystems_pt_BR.jar;C:\Users\barber.timothy20\Documents\Github\Netbeans\NetBeans_JavaSE_8.0_Portable\App\netbeans\platform\core\locale\org-openide-filesystems_ru.jar;C:\Users\barber.timothy20\Documents\Github\Netbeans\NetBeans_JavaSE_8.0_Portable\App\netbeans\platform\core\locale\org-openide-filesystems_zh_CN.jar;C:\Users\barber.timothy20\Documents\Github\Netbeans\NetBeans_JavaSE_8.0_Portable\App\netbeans\nb\core\org-netbeans-upgrader.jar;C:\Users\barber.timothy20\Documents\Github\Netbeans\NetBeans_JavaSE_8.0_Portable\App\netbeans\nb\core\locale\core_nb.jar;C:\Users\barber.timothy20\Documents\Github\Netbeans\NetBeans_JavaSE_8.0_Portable\App\netbeans\nb\core\locale\core_nb_ja.jar;C:\Users\barber.timothy20\Documents\Github\Netbeans\NetBeans_JavaSE_8.0_Portable\App\netbeans\nb\core\locale\core_nb_pt_BR.jar;C:\Users\barber.timothy20\Documents\Github\Netbeans\NetBeans_JavaSE_8.0_Portable\App\netbeans\nb\core\locale\core_nb_ru.jar;C:\Users\barber.timothy20\Documents\Github\Netbeans\NetBeans_JavaSE_8.0_Portable\App\netbeans\nb\core\locale\core_nb_zh_CN.jar;C:\Users\barber.timothy20\Documents\Github\Netbeans\NetBeans_JavaSE_8.0_Portable\App\netbeans\nb\core\locale\org-netbeans-upgrader_ja.jar;C:\Users\barber.timothy20\Documents\Github\Netbeans\NetBeans_JavaSE_8.0_Portable\App\netbeans\nb\core\locale\org-netbeans-upgrader_pt_BR.jar;C:\Users\barber.timothy20\Documents\Github\Netbeans\NetBeans_JavaSE_8.0_Portable\App\netbeans\nb\core\locale\org-netbeans-upgrader_ru.jar;C:\Users\barber.timothy20\Documents\Github\Netbeans\NetBeans_JavaSE_8.0_Portable\App\netbeans\nb\core\locale\org-netbeans-upgrader_zh_CN.jar
-------------------------------------------------------------------------------
INFO [org.netbeans.modules.netbinox]: Install area set to file:/C:/Users/barber.timothy20/Documents/Github/Netbeans/NetBeans_JavaSE_8.0_Portable/App/netbeans/
WARNING [org.netbeans.core.modules]: the modules [org.netbeans.modules.form.nb] use org.jdesktop.layout which is deprecated: Use javax.swing.GroupLayout instead. (In form editor: select Form ... in Inspector; change Layout Generation Style to Standard Java 6 code.)
WARNING [org.netbeans.core.modules]: the modules [org.netbeans.modules.java.editor.lib, org.netbeans.modules.xml.text] use org.netbeans.modules.editor.deprecated.pre65formatting which is deprecated.
WARNING [org.netbeans.core.modules]: the modules [org.netbeans.modules.ide.kit, org.netbeans.modules.xml.text] use org.netbeans.modules.editor.structure which is deprecated.
WARNING [org.netbeans.core.modules]: the modules [org.netbeans.modules.apisupport.ant, org.netbeans.modules.java.hints, org.netbeans.modules.maven.hints] use org.netbeans.modules.java.hints.legacy.spi which is deprecated: Use Java Hints SPI (org.netbeans.spi.java.hints) instead.
INFO [com.revivius.nb.darcula.DarculaLFCustoms]: Can not find class, will not be able to replace its field...
java.lang.ClassNotFoundException: org.netbeans.modules.web.core.syntax.completion.api.JspCompletionItem
	at java.net.URLClassLoader.findClass(URLClassLoader.java:381)
	at java.lang.ClassLoader.loadClass(ClassLoader.java:424)
	at sun.misc.Launcher$AppClassLoader.loadClass(Launcher.java:349)
	at java.lang.ClassLoader.loadClass(ClassLoader.java:357)
	at org.netbeans.ProxyClassLoader.loadClass(ProxyClassLoader.java:222)
Caused: java.lang.ClassNotFoundException: org.netbeans.modules.web.core.syntax.completion.api.JspCompletionItem starting from SystemClassLoader[473 modules] with possible defining loaders null and declared parents [org.netbeans.MainImpl$BootClassLoader@1ff54e6, ModuleCL@779457[org.netbeans.api.annotations.common], ModuleCL@1ea5e40[org.openide.awt], ModuleCL@db2dcd[org.netbeans.api.progress], ModuleCL@769984[org.openide.dialogs], ModuleCL@fd6671[org.openide.nodes], ModuleCL@1fe2d30[org.openide.windows], ModuleCL@92d387[org.netbeans.modules.editor.mimelookup], ModuleCL@a8c5a8[org.openide.text], ModuleCL@1e7e022[org.netbeans.swing.tabcontrol], ...457 more]
	at org.netbeans.ProxyClassLoader.loadClass(ProxyClassLoader.java:224)
	at org.netbeans.ModuleManager$SystemClassLoader.loadClass(ModuleManager.java:722)
	at java.lang.ClassLoader.loadClass(ClassLoader.java:357)
[catch] at com.revivius.nb.darcula.DarculaLFCustoms.replaceFieldValue(DarculaLFCustoms.java:710)
	at com.revivius.nb.darcula.DarculaLFCustoms.replaceJSPCompletionColor(DarculaLFCustoms.java:656)
	at com.revivius.nb.darcula.DarculaLFCustoms.createLookAndFeelCustomizationKeysAndValues(DarculaLFCustoms.java:281)
	at org.netbeans.swing.plaf.LFCustoms.getLookAndFeelCustomizationKeysAndValues(LFCustoms.java:196)
	at org.netbeans.swing.plaf.Startup.installLFCustoms(Startup.java:340)
	at org.netbeans.swing.plaf.Startup.installPerLFDefaults(Startup.java:265)
	at org.netbeans.swing.plaf.Startup.install(Startup.java:243)
	at org.netbeans.swing.plaf.Startup.run(Startup.java:542)
	at org.netbeans.core.CoreBridgeImpl$1$1.run(CoreBridgeImpl.java:137)
	at java.awt.event.InvocationEvent.dispatch(InvocationEvent.java:311)
	at java.awt.EventQueue.dispatchEventImpl(EventQueue.java:758)
	at java.awt.EventQueue.access$500(EventQueue.java:97)
	at java.awt.EventQueue$3.run(EventQueue.java:709)
	at java.awt.EventQueue$3.run(EventQueue.java:703)
	at java.security.AccessController.doPrivileged(Native Method)
	at java.security.ProtectionDomain$JavaSecurityAccessImpl.doIntersectionPrivilege(ProtectionDomain.java:74)
	at java.awt.EventQueue.dispatchEvent(EventQueue.java:728)
	at java.awt.EventDispatchThread.pumpOneEventForFilters(EventDispatchThread.java:205)
	at java.awt.EventDispatchThread.pumpEventsForFilter(EventDispatchThread.java:116)
	at java.awt.EventDispatchThread.pumpEventsForHierarchy(EventDispatchThread.java:105)
	at java.awt.EventDispatchThread.pumpEvents(EventDispatchThread.java:101)
	at java.awt.EventDispatchThread.pumpEvents(EventDispatchThread.java:93)
	at java.awt.EventDispatchThread.run(EventDispatchThread.java:82)
